<?xml version="1.0" encoding="UTF-8"?>
<testsuite name="com.debtapp.DemoApplicationTests" tests="1" skipped="0" failures="0" errors="0" timestamp="2025-06-25T15:08:44.449Z" hostname="Aliakseis-MacBook-Air.local" time="0.229">
  <properties/>
  <testcase name="contextLoads()" classname="com.debtapp.DemoApplicationTests" time="0.229"/>
  <system-out><![CDATA[2025-06-25T15:08:42.757152Z Test worker ERROR Found configuration file `log4j2.yaml` for the inactive `org.apache.logging.log4j.core.config.yaml.YamlConfigurationFactory`. This `ConfigurationFactory` implementation might be inactive due to a missing dependency.

  .   ____          _            __ _ _
 /\\ / ___'_ __ _ _(_)_ __  __ _ \ \ \ \
( ( )\___ | '_ | '_| | '_ \/ _` | \ \ \ \
 \\/  ___)| |_)| | | | | || (_| |  ) ) ) )
  '  |____| .__|_| |_|_| |_\__, | / / / /
 =========|_|==============|___/=/_/_/_/

 :: Spring Boot ::                (v3.5.0)

2025-06-25T17:08:43.005+02:00  INFO 10003 --- [    Test worker] c.d.DemoApplicationTests                 : Starting DemoApplicationTests using Java 21.0.4 with PID 10003 (started by amarchuk in /Users/amarchuk/Documents/GitHub/debt_app)
2025-06-25T17:08:43.008+02:00 DEBUG 10003 --- [    Test worker] c.d.DemoApplicationTests                 : Running with Spring Boot v3.5.0, Spring v6.2.7
2025-06-25T17:08:43.009+02:00  INFO 10003 --- [    Test worker] c.d.DemoApplicationTests                 : No active profile set, falling back to 1 default profile: "default"
2025-06-25T17:08:43.213+02:00  INFO 10003 --- [    Test worker] .s.d.r.c.RepositoryConfigurationDelegate : Bootstrapping Spring Data JPA repositories in DEFAULT mode.
2025-06-25T17:08:43.239+02:00  INFO 10003 --- [    Test worker] .s.d.r.c.RepositoryConfigurationDelegate : Finished Spring Data repository scanning in 23 ms. Found 3 JPA repository interfaces.
2025-06-25T17:08:43.398+02:00  INFO 10003 --- [    Test worker] c.z.h.HikariDataSource                   : HikariPool-1 - Starting...
2025-06-25T17:08:43.564+02:00  INFO 10003 --- [    Test worker] c.z.h.p.HikariPool                       : HikariPool-1 - Added connection com.mysql.cj.jdbc.ConnectionImpl@6cc8c13c
2025-06-25T17:08:43.564+02:00  INFO 10003 --- [    Test worker] c.z.h.HikariDataSource                   : HikariPool-1 - Start completed.
2025-06-25T17:08:43.592+02:00  INFO 10003 --- [    Test worker] o.f.c.i.l.VersionPrinter                 : Flyway Community Edition 9.22.3 by Redgate
2025-06-25T17:08:43.592+02:00  INFO 10003 --- [    Test worker] o.f.c.i.l.VersionPrinter                 : See release notes here: https://rd.gt/416ObMi
2025-06-25T17:08:43.593+02:00  INFO 10003 --- [    Test worker] o.f.c.i.l.VersionPrinter                 : 
2025-06-25T17:08:43.613+02:00  INFO 10003 --- [    Test worker] o.f.c.FlywayExecutor                     : Database: jdbc:mysql://localhost:3307/debt_app_db (MySQL 8.0)
2025-06-25T17:08:43.636+02:00  INFO 10003 --- [    Test worker] o.f.c.i.c.DbValidate                     : Successfully validated 0 migrations (execution time 00:00.010s)
2025-06-25T17:08:43.637+02:00  WARN 10003 --- [    Test worker] o.f.c.i.c.DbValidate                     : No migrations found. Are your locations set up correctly?
2025-06-25T17:08:43.652+02:00  INFO 10003 --- [    Test worker] o.f.c.i.c.DbMigrate                      : Current version of schema `debt_app_db`: << Empty Schema >>
2025-06-25T17:08:43.654+02:00  INFO 10003 --- [    Test worker] o.f.c.i.c.DbMigrate                      : Schema `debt_app_db` is up to date. No migration necessary.
2025-06-25T17:08:43.801+02:00  INFO 10003 --- [    Test worker] o.s.o.j.p.SpringPersistenceUnitInfo      : No LoadTimeWeaver setup: ignoring JPA class transformer
2025-06-25T17:08:44.128+02:00  INFO 10003 --- [    Test worker] j.LocalContainerEntityManagerFactoryBean : Initialized JPA EntityManagerFactory for persistence unit 'default'
2025-06-25T17:08:44.248+02:00  WARN 10003 --- [    Test worker] JpaBaseConfiguration$JpaWebConfiguration : spring.jpa.open-in-view is enabled by default. Therefore, database queries may be performed during view rendering. Explicitly configure spring.jpa.open-in-view to disable this warning
2025-06-25T17:08:44.320+02:00  INFO 10003 --- [    Test worker] eAuthenticationProviderManagerConfigurer : Global AuthenticationManager configured with AuthenticationProvider bean with name authenticationProvider
2025-06-25T17:08:44.320+02:00  WARN 10003 --- [    Test worker] r$InitializeUserDetailsManagerConfigurer : Global AuthenticationManager configured with an AuthenticationProvider bean. UserDetailsService beans will not be used by Spring Security for automatically configuring username/password login. Consider removing the AuthenticationProvider bean. Alternatively, consider using the UserDetailsService in a manually instantiated DaoAuthenticationProvider. If the current configuration is intentional, to turn off this warning, increase the logging level of 'org.springframework.security.config.annotation.authentication.configuration.InitializeUserDetailsBeanManagerConfigurer' to ERROR
2025-06-25T17:08:44.444+02:00  INFO 10003 --- [    Test worker] c.d.DemoApplicationTests                 : Started DemoApplicationTests in 1.571 seconds (process running for 2.047)
]]></system-out>
  <system-err><![CDATA[Mockito is currently self-attaching to enable the inline-mock-maker. This will no longer work in future releases of the JDK. Please add Mockito as an agent to your build as described in Mockito's documentation: https://javadoc.io/doc/org.mockito/mockito-core/latest/org.mockito/org/mockito/Mockito.html#0.3
WARNING: A Java agent has been loaded dynamically (/Users/amarchuk/.gradle/caches/modules-2/files-2.1/net.bytebuddy/byte-buddy-agent/1.17.5/58f9507f5f28d1d3e7adfb4ec2fe37c29d332c9b/byte-buddy-agent-1.17.5.jar)
WARNING: If a serviceability tool is in use, please run with -XX:+EnableDynamicAgentLoading to hide this warning
WARNING: If a serviceability tool is not in use, please run with -Djdk.instrument.traceUsage for more information
WARNING: Dynamic loading of agents will be disallowed by default in a future release
]]></system-err>
</testsuite>
